<?xml version="1.0" encoding="UTF-8"?>
<!-- Generated by org.testng.reporters.JUnitReportReporter -->
<testsuite skipped="0" hostname="Thangavel" name="weatherApi.ValidateWeatherApi" tests="11" failures="0" timestamp="30 Jul 2018 02:09:29 GMT" time="6.873" errors="0">
  <testcase name="useResponseSpecification" time="0.265" classname="weatherApi.ValidateWeatherApi"/>
  <testcase name="validateWithDataProviders" time="0.538" classname="weatherApi.ValidateWeatherApi"/>
  <testcase name="checkResponseContentTypeJson" time="2.492" classname="weatherApi.ValidateWeatherApi"/>
  <testcase name="validateWithDataProviders" time="0.197" classname="weatherApi.ValidateWeatherApi"/>
  <testcase name="isKeyAvailable" time="1.117" classname="weatherApi.ValidateWeatherApi"/>
  <testcase name="useSinglePathParameter" time="0.690" classname="weatherApi.ValidateWeatherApi"/>
  <testcase name="responseTimeValidation" time="0.182" classname="weatherApi.ValidateWeatherApi"/>
  <testcase name="validateWithDataProviders" time="0.269" classname="weatherApi.ValidateWeatherApi"/>
  <testcase name="negativeTest" time="0.670" classname="weatherApi.ValidateWeatherApi"/>
  <testcase name="validateResponseCode" time="0.267" classname="weatherApi.ValidateWeatherApi"/>
  <testcase name="passQueryParametersToGetRequest" time="0.186" classname="weatherApi.ValidateWeatherApi"/>
</testsuite> <!-- weatherApi.ValidateWeatherApi -->
