<?xml version="1.0" encoding="UTF-8"?>
<!-- Generated by org.testng.reporters.JUnitReportReporter -->
<testsuite hostname="Thangavel" name="weatherApi.ValidateWeatherApi" tests="11" failures="0" timestamp="29 Jul 2018 22:04:06 GMT" time="14.228" errors="0">
  <testcase name="checkResponseContentTypeJson" time="9.271" classname="weatherApi.ValidateWeatherApi"/>
  <testcase name="negativeTest" time="1.860" classname="weatherApi.ValidateWeatherApi"/>
  <testcase name="validateWithDataProviders" time="0.136" classname="weatherApi.ValidateWeatherApi"/>
  <testcase name="validateResponseCode" time="0.153" classname="weatherApi.ValidateWeatherApi"/>
  <testcase name="validateWithDataProviders" time="0.154" classname="weatherApi.ValidateWeatherApi"/>
  <testcase name="passQueryParametersToGetRequest" time="0.182" classname="weatherApi.ValidateWeatherApi"/>
  <testcase name="useResponseSpecification" time="0.232" classname="weatherApi.ValidateWeatherApi"/>
  <testcase name="useSinglePathParameter" time="0.421" classname="weatherApi.ValidateWeatherApi"/>
  <testcase name="isKeyAvailable" time="1.375" classname="weatherApi.ValidateWeatherApi"/>
  <testcase name="responseTimeValidation" time="0.279" classname="weatherApi.ValidateWeatherApi"/>
  <testcase name="validateWithDataProviders" time="0.165" classname="weatherApi.ValidateWeatherApi"/>
</testsuite> <!-- weatherApi.ValidateWeatherApi -->
